TN:
SF:script/blockchain-architecture-deployment.s.sol
DA:25,0
FN:25,DemoScript.run
FNDA:0,DemoScript.run
DA:26,0
DA:28,0
DA:30,0
DA:32,0
DA:33,0
DA:34,0
DA:36,0
DA:38,0
DA:40,0
DA:41,0
DA:43,0
DA:45,0
DA:47,0
DA:48,0
DA:50,0
DA:51,0
DA:52,0
DA:53,0
DA:56,0
FNF:1
FNH:0
LF:20
LH:0
BRF:0
BRH:0
end_of_record
TN:
SF:src/Agency.sol
DA:54,8
FN:54,Agency.constructor
FNDA:8,Agency.constructor
DA:58,8
DA:59,8
DA:60,8
DA:71,4
FN:71,Agency.hireAgent
FNDA:4,Agency.hireAgent
DA:73,4
DA:80,5
FN:80,Agency.GuestEntrance
FNDA:5,Agency.GuestEntrance
DA:81,5
DA:85,1
BRDA:85,0,0,1
DA:86,1
DA:88,4
DA:95,2
FN:95,Agency.guests
FNDA:2,Agency.guests
DA:96,2
DA:104,3
FN:104,Agency.acceptClient
FNDA:3,Agency.acceptClient
DA:105,3
DA:106,3
DA:107,3
DA:117,1
FN:117,Agency.createCopro
FNDA:1,Agency.createCopro
DA:123,1
DA:131,1
DA:132,1
DA:135,1
DA:137,1
DA:142,1
FN:142,Agency.getCoproById
FNDA:1,Agency.getCoproById
DA:143,1
DA:146,2
FN:146,Agency.getCoproByName
FNDA:2,Agency.getCoproByName
DA:148,2
DA:149,2
DA:150,2
DA:153,2
BRDA:153,1,0,1
DA:154,1
DA:157,1
DA:160,1
FN:160,Agency.getCopros
FNDA:1,Agency.getCopros
DA:161,1
DA:162,1
DA:163,1
DA:165,1
FNF:9
FNH:9
LF:37
LH:37
BRF:2
BRH:2
end_of_record
TN:
SF:src/Copro.sol
DA:65,11
FN:65,Copro.constructor
FNDA:11,Copro.constructor
DA:73,11
BRDA:73,0,0,1
DA:74,1
DA:76,10
BRDA:76,1,0,-
DA:77,0
DA:79,10
DA:80,10
DA:82,10
DA:83,10
DA:94,1
FN:94,Copro.onlyTokenOwner
FNDA:1,Copro.onlyTokenOwner
DA:95,1
BRDA:95,2,0,-
DA:96,0
DA:110,4
FN:110,Copro.sell
FNDA:4,Copro.sell
DA:114,4
DA:115,4
DA:122,1
FN:122,Copro.cancelSale
FNDA:1,Copro.cancelSale
DA:123,1
DA:124,1
DA:131,5
FN:131,Copro.buy
FNDA:5,Copro.buy
DA:132,5
BRDA:132,3,0,2
DA:133,2
DA:135,3
BRDA:135,4,0,1
DA:136,1
DA:139,2
DA:141,2
DA:142,2
DA:144,2
DA:146,2
DA:148,2
DA:150,2
DA:153,2
DA:164,4
FN:164,Copro.fractionalize
FNDA:4,Copro.fractionalize
DA:171,3
BRDA:171,5,0,1
DA:173,2
DA:175,2
DA:177,2
DA:179,2
DA:181,2
DA:193,1
FN:193,Copro.safeTransferFrom
FNDA:1,Copro.safeTransferFrom
DA:199,1
DA:202,1
FN:202,Copro.transferFrom
FNDA:1,Copro.transferFrom
DA:207,1
DA:210,1
FN:210,Copro.approve
FNDA:1,Copro.approve
DA:214,1
DA:217,1
FN:217,Copro.setApprovalForAll
FNDA:1,Copro.setApprovalForAll
DA:221,1
FNF:10
FNH:10
LF:46
LH:44
BRF:6
BRH:4
end_of_record
TN:
SF:src/FractionalToken.sol
DA:33,6
FN:33,FractionalToken.constructor
FNDA:6,FractionalToken.constructor
DA:39,6
DA:40,6
DA:41,15
DA:42,15
DA:53,2
FN:53,FractionalToken.mint
FNDA:2,FractionalToken.mint
DA:54,1
DA:60,1
FN:60,FractionalToken.onERC721Received
FNDA:1,FractionalToken.onERC721Received
DA:67,1
DA:69,1
FNF:3
FNH:3
LF:10
LH:10
BRF:0
BRH:0
end_of_record
TN:
SF:src/Manager.sol
DA:18,17
FN:18,Manager.constructor
FNDA:17,Manager.constructor
DA:20,17
DA:21,17
DA:25,17
DA:36,8
FN:36,Manager.addAgency
FNDA:8,Manager.addAgency
DA:37,8
DA:38,8
DA:43,8
DA:44,8
DA:49,8
DA:60,5
FN:60,Manager.addAgent
FNDA:5,Manager.addAgent
DA:61,5
DA:68,10
FN:68,Manager.addCopro
FNDA:10,Manager.addCopro
DA:69,10
FNF:4
FNH:4
LF:14
LH:14
BRF:0
BRH:0
end_of_record
